2024-09-14 16:50:44 INFO  TC_001_AccountRegistrationTest:15 - *****Starrting of TC_001_AccountRegistrationTest*****
2024-09-14 16:50:44 INFO  TC_001_AccountRegistrationTest:20 - *****Clicked on MyAccount Link*****
2024-09-14 16:50:44 INFO  TC_001_AccountRegistrationTest:23 - *****Clicked on Register Link*****
2024-09-14 16:50:44 INFO  TC_001_AccountRegistrationTest:27 - *****Providing customer details*****
2024-09-14 16:50:46 INFO  TC_001_AccountRegistrationTest:42 - *****Validating Expected Message*****
2024-09-14 16:50:46 INFO  TC_001_AccountRegistrationTest:55 - *****TC_001_AccountRegistrationTest is completed*****
2024-09-14 16:50:50 INFO  TC002_LoginTest:17 - *****Starting TC_002_LoginTest*****
2024-09-14 16:50:52 INFO  TC002_LoginTest:43 - *****Finished TC_002_LoginTest*****
2024-09-14 16:52:10 INFO  TC_001_AccountRegistrationTest:15 - *****Starrting of TC_001_AccountRegistrationTest*****
2024-09-14 16:52:10 INFO  TC_001_AccountRegistrationTest:20 - *****Clicked on MyAccount Link*****
2024-09-14 16:52:11 INFO  TC_001_AccountRegistrationTest:23 - *****Clicked on Register Link*****
2024-09-14 16:52:11 INFO  TC_001_AccountRegistrationTest:27 - *****Providing customer details*****
2024-09-14 16:52:12 INFO  TC_001_AccountRegistrationTest:42 - *****Validating Expected Message*****
2024-09-14 16:52:12 INFO  TC_001_AccountRegistrationTest:55 - *****TC_001_AccountRegistrationTest is completed*****
2024-09-14 16:52:16 INFO  TC002_LoginTest:17 - *****Starting TC_002_LoginTest*****
2024-09-14 16:52:18 INFO  TC002_LoginTest:43 - *****Finished TC_002_LoginTest*****
2024-09-14 16:52:23 INFO  TC003_LoginDDT:21 - ******* Starting TC_003_LoginDDT ******
2024-09-14 16:52:26 INFO  TC003_LoginDDT:75 - ******* TC_003_LoginDDT completed ******
2024-09-14 16:52:26 INFO  TC003_LoginDDT:21 - ******* Starting TC_003_LoginDDT ******
2024-09-14 16:52:29 INFO  TC003_LoginDDT:21 - ******* Starting TC_003_LoginDDT ******
2024-09-14 16:52:31 INFO  TC003_LoginDDT:21 - ******* Starting TC_003_LoginDDT ******
2024-09-14 16:52:42 INFO  TC003_LoginDDT:75 - ******* TC_003_LoginDDT completed ******
2024-09-14 16:52:42 INFO  TC003_LoginDDT:21 - ******* Starting TC_003_LoginDDT ******
2024-09-14 16:52:45 INFO  TC003_LoginDDT:75 - ******* TC_003_LoginDDT completed ******
2024-09-14 16:52:50 INFO  TC_004_SearchProductTest:14 -  Starting TC_004_SearchProductTest 
2024-09-14 16:52:51 INFO  TC_004_SearchProductTest:34 -  Finished TC_004_SearchProductTest 
2024-09-14 16:52:54 INFO  TC_005_AddToCartPageTest:15 -  Starting TC_005_AddToCartPageTest 
